shine/key/manifest-merger-release-report.txt
-- Merging decision tree log ---
manifest
ADDED from AndroidManifest.xml:2:1
	package
		ADDED from AndroidManifest.xml:2:102
	android:versionName
		ADDED from AndroidManifest.xml:2:74
	android:hardwareAccelerated
		ADDED from AndroidManifest.xml:2:11
	android:versionCode
		ADDED from AndroidManifest.xml:2:46
		INJECTED from AndroidManifest.xml:0:0
		INJECTED from AndroidManifest.xml:0:0
	xmlns:android
		ADDED from AndroidManifest.xml:2:132
supports-screens
ADDED from AndroidManifest.xml:3:5
	android:largeScreens
		ADDED from AndroidManifest.xml:3:49
	android:smallScreens
		ADDED from AndroidManifest.xml:3:132
	android:normalScreens
		ADDED from AndroidManifest.xml:3:77
	android:xlargeScreens
		ADDED from AndroidManifest.xml:3:160
	android:resizeable
		ADDED from AndroidManifest.xml:3:106
	android:anyDensity
		ADDED from AndroidManifest.xml:3:23
uses-permission#android.permission.INTERNET
ADDED from AndroidManifest.xml:4:5
MERGED from android:CordovaLib:unspecified:27:5
	android:name
		ADDED from AndroidManifest.xml:4:22
application
ADDED from AndroidManifest.xml:5:5
	android:label
		ADDED from AndroidManifest.xml:5:83
	android:hardwareAccelerated
		ADDED from AndroidManifest.xml:5:18
	android:icon
		ADDED from AndroidManifest.xml:5:53
activity#com.ambieye.android.CordovaApp
ADDED from AndroidManifest.xml:6:9
	android:label
		ADDED from AndroidManifest.xml:6:97
	android:launchMode
		ADDED from AndroidManifest.xml:6:135
	android:windowSoftInputMode
		ADDED from AndroidManifest.xml:6:246
	android:configChanges
		ADDED from AndroidManifest.xml:6:19
	android:theme
		ADDED from AndroidManifest.xml:6:192
	android:name
		ADDED from AndroidManifest.xml:6:166
intent-filter#android.intent.action.MAIN+android.intent.category.LAUNCHER
ADDED from AndroidManifest.xml:7:13
	android:label
		ADDED from AndroidManifest.xml:7:28
action#android.intent.action.MAIN
ADDED from AndroidManifest.xml:8:17
	android:name
		ADDED from AndroidManifest.xml:8:25
category#android.intent.category.LAUNCHER
ADDED from AndroidManifest.xml:9:17
	android:name
		ADDED from AndroidManifest.xml:9:27
uses-sdk
ADDED from AndroidManifest.xml:13:5
MERGED from android:CordovaLib:unspecified:25:5
	android:targetSdkVersion
		ADDED from AndroidManifest.xml:13:42
	android:minSdkVersion
		ADDED from AndroidManifest.xml:13:15
uses-permission#android.permission.ACCESS_NETWORK_STATE
ADDED from android:CordovaLib:unspecified:28:5
	android:name
		ADDED from android:CordovaLib:unspecified:28:22